{"/Users/yair/src/milenagercommon/src/common/YMSubscriptionProduct.ts": {"path":"/Users/yair/src/milenagercommon/src/common/YMSubscriptionProduct.ts","statementMap":{"0":{"start":{"line":20,"column":8},"end":{"line":20,"column":null}},"1":{"start":{"line":21,"column":8},"end":{"line":21,"column":null}},"2":{"start":{"line":22,"column":8},"end":{"line":22,"column":null}},"3":{"start":{"line":23,"column":8},"end":{"line":23,"column":null}},"4":{"start":{"line":24,"column":8},"end":{"line":24,"column":null}},"5":{"start":{"line":25,"column":8},"end":{"line":25,"column":null}},"6":{"start":{"line":26,"column":8},"end":{"line":26,"column":null}},"7":{"start":{"line":27,"column":8},"end":{"line":27,"column":null}},"8":{"start":{"line":31,"column":8},"end":{"line":31,"column":null}},"9":{"start":{"line":35,"column":8},"end":{"line":35,"column":null}},"10":{"start":{"line":13,"column":11},"end":{"line":16,"column":null}},"11":{"start":{"line":39,"column":11},"end":{"line":49,"column":null}},"12":{"start":{"line":40,"column":34},"end":{"line":40,"column":89}},"13":{"start":{"line":41,"column":32},"end":{"line":41,"column":74}},"14":{"start":{"line":42,"column":27},"end":{"line":42,"column":65}},"15":{"start":{"line":43,"column":27},"end":{"line":43,"column":88}},"16":{"start":{"line":44,"column":22},"end":{"line":44,"column":52}},"17":{"start":{"line":45,"column":30},"end":{"line":45,"column":133}},"18":{"start":{"line":46,"column":34},"end":{"line":46,"column":77}},"19":{"start":{"line":48,"column":8},"end":{"line":48,"column":null}},"20":{"start":{"line":3,"column":0},"end":{"line":3,"column":21}}},"fnMap":{"0":{"name":"(anonymous_0)","decl":{"start":{"line":19,"column":4},"end":{"line":19,"column":17}},"loc":{"start":{"line":19,"column":215},"end":{"line":28,"column":5}}},"1":{"name":"(anonymous_1)","decl":{"start":{"line":30,"column":4},"end":{"line":30,"column":12}},"loc":{"start":{"line":30,"column":12},"end":{"line":32,"column":5}}},"2":{"name":"(anonymous_2)","decl":{"start":{"line":34,"column":4},"end":{"line":34,"column":13}},"loc":{"start":{"line":34,"column":13},"end":{"line":36,"column":5}}},"3":{"name":"(anonymous_3)","decl":{"start":{"line":39,"column":21},"end":{"line":39,"column":30}},"loc":{"start":{"line":39,"column":68},"end":{"line":49,"column":5}}}},"branchMap":{"0":{"loc":{"start":{"line":43,"column":83},"end":{"line":43,"column":84}},"type":"cond-expr","locations":[{"start":{"line":43,"column":83},"end":{"line":43,"column":84}},{"start":{"line":43,"column":87},"end":{"line":43,"column":88}}]}},"s":{"0":2,"1":2,"2":2,"3":2,"4":2,"5":2,"6":2,"7":2,"8":2,"9":2,"10":1,"11":1,"12":2,"13":2,"14":2,"15":2,"16":2,"17":2,"18":2,"19":2,"20":1},"f":{"0":2,"1":2,"2":2,"3":2},"b":{"0":[1,1]}}
,"/Users/yair/src/milenagercommon/src/functions/responses/YMUserUsageHistory.ts": {"path":"/Users/yair/src/milenagercommon/src/functions/responses/YMUserUsageHistory.ts","statementMap":{"0":{"start":{"line":1,"column":0},"end":{"line":1,"column":32}},"1":{"start":{"line":11,"column":8},"end":{"line":11,"column":null}},"2":{"start":{"line":12,"column":8},"end":{"line":12,"column":null}},"3":{"start":{"line":13,"column":8},"end":{"line":13,"column":null}},"4":{"start":{"line":17,"column":24},"end":{"line":17,"column":32}},"5":{"start":{"line":18,"column":8},"end":{"line":22,"column":null}},"6":{"start":{"line":19,"column":12},"end":{"line":19,"column":null}},"7":{"start":{"line":21,"column":12},"end":{"line":21,"column":null}},"8":{"start":{"line":24,"column":8},"end":{"line":24,"column":null}},"9":{"start":{"line":28,"column":11},"end":{"line":32,"column":null}},"10":{"start":{"line":29,"column":8},"end":{"line":29,"column":null}},"11":{"start":{"line":29,"column":24},"end":{"line":29,"column":null}},"12":{"start":{"line":31,"column":8},"end":{"line":31,"column":null}},"13":{"start":{"line":3,"column":0},"end":{"line":3,"column":21}}},"fnMap":{"0":{"name":"(anonymous_0)","decl":{"start":{"line":8,"column":4},"end":{"line":8,"column":17}},"loc":{"start":{"line":10,"column":33},"end":{"line":14,"column":5}}},"1":{"name":"(anonymous_1)","decl":{"start":{"line":16,"column":4},"end":{"line":16,"column":18}},"loc":{"start":{"line":16,"column":18},"end":{"line":25,"column":5}}},"2":{"name":"(anonymous_2)","decl":{"start":{"line":28,"column":24},"end":{"line":28,"column":33}},"loc":{"start":{"line":28,"column":41},"end":{"line":32,"column":5}}}},"branchMap":{"0":{"loc":{"start":{"line":18,"column":8},"end":{"line":22,"column":null}},"type":"if","locations":[{"start":{"line":18,"column":8},"end":{"line":22,"column":null}},{"start":{"line":18,"column":8},"end":{"line":22,"column":null}}]},"1":{"loc":{"start":{"line":29,"column":8},"end":{"line":29,"column":null}},"type":"if","locations":[{"start":{"line":29,"column":8},"end":{"line":29,"column":null}},{"start":{"line":29,"column":8},"end":{"line":29,"column":null}}]}},"s":{"0":1,"1":7,"2":7,"3":7,"4":7,"5":7,"6":3,"7":4,"8":7,"9":1,"10":3,"11":2,"12":1,"13":1},"f":{"0":7,"1":7,"2":3},"b":{"0":[3,4],"1":[2,1]}}
}
