TN:
SF:/Users/yair/src/milenagercommon/src/common/YMSubscription.ts
FN:12,(anonymous_0)
FN:21,(anonymous_1)
FN:25,(anonymous_2)
FN:29,(anonymous_3)
FN:46,(anonymous_4)
FN:49,(anonymous_5)
FN:34,(anonymous_6)
FNF:7
FNH:7
FNDA:5,(anonymous_0)
FNDA:3,(anonymous_1)
FNDA:3,(anonymous_2)
FNDA:3,(anonymous_3)
FNDA:5,(anonymous_4)
FNDA:24,(anonymous_5)
FNDA:5,(anonymous_6)
DA:2,1
DA:4,1
DA:13,5
DA:14,5
DA:15,5
DA:16,5
DA:17,5
DA:18,5
DA:22,3
DA:26,3
DA:30,3
DA:34,1
DA:35,5
DA:37,5
DA:38,5
DA:39,5
DA:40,5
DA:41,5
DA:43,5
DA:47,5
DA:49,5
DA:50,24
DA:52,24
DA:53,23
DA:57,5
DA:60,1
LF:26
LH:26
BRDA:52,0,0,23
BRDA:52,0,1,1
BRDA:52,1,0,24
BRDA:52,1,1,19
BRDA:39,2,0,1
BRDA:39,2,1,4
BRDA:39,3,0,2
BRDA:39,3,1,2
BRDA:41,4,0,4
BRDA:41,4,1,1
BRDA:41,5,0,2
BRDA:41,5,1,2
BRF:12
BRH:12
end_of_record
