TN:
SF:/Users/yair/src/milenagercommon/src/common/YMSubscriptionProduct.ts
FN:20,(anonymous_0)
FN:32,(anonymous_1)
FN:36,(anonymous_2)
FN:41,(anonymous_3)
FNF:4
FNH:4
FNDA:9,(anonymous_0)
FNDA:2,(anonymous_1)
FNDA:2,(anonymous_2)
FNDA:9,(anonymous_3)
DA:3,1
DA:14,1
DA:21,9
DA:22,9
DA:23,9
DA:24,9
DA:25,9
DA:26,9
DA:27,9
DA:28,9
DA:29,9
DA:33,2
DA:37,2
DA:41,1
DA:42,9
DA:43,9
DA:44,9
DA:45,9
DA:46,9
DA:47,9
DA:48,9
DA:49,9
DA:50,9
DA:52,9
LF:24
LH:24
BRDA:46,0,0,6
BRDA:46,0,1,3
BRF:2
BRH:2
end_of_record
